-1.6
-encoding
UTF-8
-classpath
E:\maven\repository\junit\junit\4.11\junit-4.11.jar;E:\maven\repository\org\aspectj\aspectjrt\1.7.3\aspectjrt-1.7.3.jar;E:\maven\repository\org\aspectj\aspectjtools\1.7.3\aspectjtools-1.7.3.jar;E:\maven\repository\uma\caosd\AspectualKnowledge\0.0.1-SNAPSHOT\AspectualKnowledge-0.0.1-SNAPSHOT.jar;E:\maven\repository\uma\caosd\DynamicAspectJ_Multiuser\0.0.1-SNAPSHOT\DynamicAspectJ_Multiuser-0.0.1-SNAPSHOT.jar;E:\maven\repository\uma\caosd\AMQP-ActiveMQ\0.0.1-SNAPSHOT\AMQP-ActiveMQ-0.0.1-SNAPSHOT.jar;E:\maven\repository\uma\caosd\ErrorHandling\0.0.1-SNAPSHOT\ErrorHandling-0.0.1-SNAPSHOT.jar;E:\maven\repository\org\apache\activemq\activemq-all\5.9.1\activemq-all-5.9.1.jar;E:\maven\repository\org\apache\directory\studio\org.apache.commons.codec\1.8\org.apache.commons.codec-1.8.jar;E:\maven\repository\commons-codec\commons-codec\1.8\commons-codec-1.8.jar;E:\workspaces\Java\workspace_INTERTRUST\AspectWeaverModule-AspectJversion\target\classes
-d
E:\workspaces\Java\workspace_INTERTRUST\AspectWeaverModule-AspectJversion\target\classes
E:\workspaces\Java\workspace_INTERTRUST\AspectWeaverModule-AspectJversion\src\main\java\uma\caosd\AspectWeaverModule\amqp\AspectWeaverAMQPConfiguration.java
E:\workspaces\Java\workspace_INTERTRUST\AspectWeaverModule-AspectJversion\src\main\java\uma\caosd\AspectWeaverModule\amqp\SAPAspectWeaverAMQPConsumer.java
E:\workspaces\Java\workspace_INTERTRUST\AspectWeaverModule-AspectJversion\src\main\java\uma\caosd\AspectWeaverModule\amqp\SAPAspectWeaverThread.java
E:\workspaces\Java\workspace_INTERTRUST\AspectWeaverModule-AspectJversion\src\main\java\uma\caosd\AspectWeaverModule\AspectJExecuteTheSecurityAdaptationPlan.java
E:\workspaces\Java\workspace_INTERTRUST\AspectWeaverModule-AspectJversion\src\main\java\uma\caosd\AspectWeaverModule\AspectWeaver.java
E:\workspaces\Java\workspace_INTERTRUST\AspectWeaverModule-AspectJversion\src\main\java\uma\caosd\AspectWeaverModule\errorHandling\ErrorHandling.java
E:\workspaces\Java\workspace_INTERTRUST\AspectWeaverModule-AspectJversion\src\main\java\uma\caosd\AspectWeaverModule\ExecuteTheSecurityAdaptationPlan.java
E:\workspaces\Java\workspace_INTERTRUST\AspectWeaverModule-AspectJversion\src\main\java\uma\caosd\AspectWeaverModule\gui\AspectWeaverController.java
E:\workspaces\Java\workspace_INTERTRUST\AspectWeaverModule-AspectJversion\src\main\java\uma\caosd\AspectWeaverModule\gui\AspectWeaverView.java
E:\workspaces\Java\workspace_INTERTRUST\AspectWeaverModule-AspectJversion\src\main\java\uma\caosd\AspectWeaverModule\main\AspectWeaverLaunch.aj
E:\workspaces\Java\workspace_INTERTRUST\AspectWeaverModule-AspectJversion\src\main\java\uma\caosd\AspectWeaverModule\main\Main.java
E:\workspaces\Java\workspace_INTERTRUST\AspectWeaverModule-AspectJversion\src\main\java\uma\caosd\AspectWeaverModule\main\MainTesting.java
E:\workspaces\Java\workspace_INTERTRUST\AspectWeaverModule-AspectJversion\src\main\java\uma\caosd\AspectWeaverModule\main\QueueThread.java
